<?xml version="1.0" encoding="UTF-8"?>
<beans xmlns="http://www.springframework.org/schema/beans"
  xmlns:xsi="http://www.w3.org/2001/XMLSchema-instance"
  xmlns:p="http://www.springframework.org/schema/p"
  xsi:schemaLocation="http://www.springframework.org/schema/beans http://www.springframework.org/schema/beans/spring-beans.xsd">

	<import resource="classpath:/META-INF/spring/module-context.xml"/>

<!--
    p:dbUrl="local:/tmp/orient-test"
-->

  <bean id="dbManager" class="com.vivosys.test.persistence.ops.orientdb.DatabaseManager"
    init-method="init"
    destroy-method="shutdown"
    p:dbUrl="remote:localhost/orient-test"
    p:username="admin"
    p:password="admin"/>

  <bean id="properties" class="org.springframework.beans.factory.config.PropertiesFactoryBean"/>
</beans>
